0 silly argv {
0 silly argv   _: [ 'create' ],
0 silly argv   lernaVersion: '3.20.2',
0 silly argv   '$0': '/Volumes/Data/mystupidapps/monorepo-example/node_modules/.bin/lerna',
0 silly argv   name: 'request-id-middleware'
0 silly argv }
1 notice cli v3.20.2
2 verbose rootPath /Volumes/Data/mystupidapps/monorepo-example
3 info versioning independent
4 warn ENOREMOTE No git remote found, skipping repository property
5 error Error: canceled
5 error     at Interface.<anonymous> (/Volumes/Data/mystupidapps/monorepo-example/node_modules/read/lib/read.js:66:13)
5 error     at Interface.emit (events.js:196:13)
5 error     at Interface._ttyWrite (readline.js:877:16)
5 error     at ReadStream.onkeypress (readline.js:189:10)
5 error     at ReadStream.emit (events.js:196:13)
5 error     at emitKeys (internal/readline.js:424:14)
5 error     at emitKeys.next (<anonymous>)
5 error     at ReadStream.onData (readline.js:1145:36)
5 error     at ReadStream.emit (events.js:196:13)
5 error     at addChunk (_stream_readable.js:290:12)
5 error     at readableAddChunk (_stream_readable.js:271:11)
5 error     at ReadStream.Readable.push (_stream_readable.js:226:10)
